May 13 13:54:55 +01:00 (none)  Mounting virtual file systems: /run /proc /sys OK
May 13 13:54:55 +01:00 (none)  Bringing up the loopback interface... OK
May 13 13:54:55 +01:00 (none)  Setting hostname to mobounya... OK
May 13 13:54:55 +01:00 mobounya  Populating /dev with device nodes...  OK
May 13 13:54:56 +01:00 mobounya  Activating all swap files/partitions... OK
May 13 13:54:56 +01:00 mobounya  Mounting root file system in read-only mode...  OK
May 13 13:54:56 +01:00 mobounya  Checking file systems... OK
May 13 13:54:56 +01:00 mobounya  Remounting root file system in read-write mode... OK
May 13 13:54:56 +01:00 mobounya  Mounting remaining file systems... OK
May 13 13:54:56 +01:00 mobounya  Cleaning file systems: /tmp OK
May 13 13:54:56 +01:00 mobounya  Retrying failed uevents, if any... OK
May 13 13:54:57 +01:00 mobounya  Setting up Linux console... OK
May 13 13:54:57 +01:00 mobounya  Starting system log daemon... OK
May 13 13:54:57 +01:00 mobounya  Starting kernel log daemon... OK
May 13 13:54:57 +01:00 mobounya  Bringing up the enp0s3 interface... OK
May 13 13:54:57 +01:00 mobounya  Adding IPv4 address 10.30.232.141 to the enp0s3 interface... OK
May 13 13:54:57 +01:00 mobounya  Adding default gateway 10.30.254.254 to the enp0s3 interface... OK
--------
May 16 15:07:11 +01:00 (none)  Mounting virtual file systems: /run /proc /sys OK
May 16 15:07:11 +01:00 (none)  Bringing up the loopback interface... OK
May 16 15:07:11 +01:00 (none)  Setting hostname to mobounya... OK
May 16 15:07:11 +01:00 mobounya  Populating /dev with device nodes...  OK
May 16 15:07:13 +01:00 mobounya  Activating all swap files/partitions... OK
May 16 15:07:13 +01:00 mobounya  Mounting root file system in read-only mode...  OK
May 16 15:07:13 +01:00 mobounya  Checking file systems... OK
May 16 15:07:13 +01:00 mobounya  Remounting root file system in read-write mode... OK
May 16 15:07:13 +01:00 mobounya  Mounting remaining file systems... OK
May 16 15:07:13 +01:00 mobounya  Cleaning file systems: /tmp OK
May 16 15:07:13 +01:00 mobounya  Retrying failed uevents, if any... OK
May 16 15:07:14 +01:00 mobounya  Setting up Linux console... OK
May 16 15:07:14 +01:00 mobounya  Starting system log daemon... OK
May 16 15:07:14 +01:00 mobounya  Starting kernel log daemon... OK
May 16 15:07:14 +01:00 mobounya  Bringing up the enp0s3 interface... OK
May 16 15:07:14 +01:00 mobounya  Adding IPv4 address 10.30.232.141 to the enp0s3 interface... OK
May 16 15:07:14 +01:00 mobounya  Adding default gateway 10.30.254.254 to the enp0s3 interface... OK
--------
May 17 14:01:05 +01:00 (none)  Mounting virtual file systems: /run /proc /sys OK
May 17 14:01:05 +01:00 (none)  Bringing up the loopback interface... OK
May 17 14:01:05 +01:00 (none)  Setting hostname to mobounya... OK
May 17 14:01:05 +01:00 mobounya  Populating /dev with device nodes...  OK
May 17 14:01:06 +01:00 mobounya  Activating all swap files/partitions... OK
May 17 14:01:06 +01:00 mobounya  Mounting root file system in read-only mode...  OK
May 17 14:01:06 +01:00 mobounya  Checking file systems... OK
May 17 14:01:06 +01:00 mobounya  Remounting root file system in read-write mode... OK
May 17 14:01:06 +01:00 mobounya  Mounting remaining file systems... OK
May 17 14:01:06 +01:00 mobounya  Cleaning file systems: /tmp OK
May 17 14:01:06 +01:00 mobounya  Retrying failed uevents, if any... OK
May 17 14:01:07 +01:00 mobounya  Setting up Linux console... OK
May 17 14:01:07 +01:00 mobounya  Starting system log daemon... OK
May 17 14:01:07 +01:00 mobounya  Starting kernel log daemon... OK
May 17 14:01:07 +01:00 mobounya  Bringing up the enp0s3 interface... OK
May 17 14:01:07 +01:00 mobounya  Adding IPv4 address 10.30.232.141 to the enp0s3 interface... OK
May 17 14:01:07 +01:00 mobounya  Adding default gateway 10.30.254.254 to the enp0s3 interface... OK
--------
May 17 14:02:29 +01:00 (none)  Mounting virtual file systems: /run /proc /sys OK
May 17 14:02:29 +01:00 (none)  Bringing up the loopback interface... OK
May 17 14:02:29 +01:00 (none)  Setting hostname to mobounya... OK
May 17 14:02:29 +01:00 mobounya  Populating /dev with device nodes...  OK
May 17 14:02:30 +01:00 mobounya  Activating all swap files/partitions... OK
May 17 14:02:30 +01:00 mobounya  Mounting root file system in read-only mode...  OK
May 17 14:02:30 +01:00 mobounya  Checking file systems... OK
May 17 14:02:30 +01:00 mobounya  Remounting root file system in read-write mode... OK
May 17 14:02:30 +01:00 mobounya  Mounting remaining file systems... OK
May 17 14:02:30 +01:00 mobounya  Cleaning file systems: /tmp OK
May 17 14:02:30 +01:00 mobounya  Retrying failed uevents, if any... OK
May 17 14:02:31 +01:00 mobounya  Setting up Linux console...FAIL
May 17 14:02:31 +01:00 mobounya   FAIL
May 17 14:02:31 +01:00 mobounya  FAILURE:

You should not be reading this error message.

It means that an unforeseen error took place in
/etc/rc.d/rcS.d/S70console,
which exited with a return value of 1.
If you're able to track this error down to a bug in one of
the files provided by the LFS book,
please be so kind to inform us at lfs-dev@linuxfromscratch.org (Registration required).
 FAIL
May 17 14:02:31 +01:00 mobounya  Press Enter to continue...May 17 14:02:40 +01:00 mobounya  Starting system log daemon... OK
May 17 14:02:40 +01:00 mobounya  Starting kernel log daemon... OK
May 17 14:02:40 +01:00 mobounya  Bringing up the enp0s3 interface... OK
May 17 14:02:40 +01:00 mobounya  Adding IPv4 address 10.30.232.141 to the enp0s3 interface... OK
May 17 14:02:40 +01:00 mobounya  Adding default gateway 10.30.254.254 to the enp0s3 interface... OK
--------
May 17 14:07:59 +01:00 (none)  Mounting virtual file systems: /run /proc /sys OK
May 17 14:07:59 +01:00 (none)  Bringing up the loopback interface... OK
May 17 14:07:59 +01:00 (none)  Setting hostname to mobounya... OK
May 17 14:07:59 +01:00 mobounya  Populating /dev with device nodes...  OK
May 17 14:08:00 +01:00 mobounya  Activating all swap files/partitions... OK
May 17 14:08:00 +01:00 mobounya  Mounting root file system in read-only mode...  OK
May 17 14:08:00 +01:00 mobounya  Checking file systems... OK
May 17 14:08:00 +01:00 mobounya  Remounting root file system in read-write mode... OK
May 17 14:08:00 +01:00 mobounya  Mounting remaining file systems... OK
May 17 14:08:00 +01:00 mobounya  Cleaning file systems: /tmp OK
May 17 14:08:00 +01:00 mobounya  Retrying failed uevents, if any... OK
May 17 14:08:01 +01:00 mobounya  Setting up Linux console... OK
May 17 14:08:01 +01:00 mobounya  Starting system log daemon... OK
May 17 14:08:01 +01:00 mobounya  Starting kernel log daemon... OK
May 17 14:08:01 +01:00 mobounya  Bringing up the enp0s3 interface... OK
May 17 14:08:01 +01:00 mobounya  Adding IPv4 address 10.30.232.141 to the enp0s3 interface... OK
May 17 14:08:01 +01:00 mobounya  Adding default gateway 10.30.254.254 to the enp0s3 interface... OK
--------
May 17 14:08:29 +01:00 (none)  Mounting virtual file systems: /run /proc /sys OK
May 17 14:08:29 +01:00 (none)  Bringing up the loopback interface... OK
May 17 14:08:29 +01:00 (none)  Setting hostname to mobounya... OK
May 17 14:08:29 +01:00 mobounya  Populating /dev with device nodes...  OK
May 17 14:08:31 +01:00 mobounya  Activating all swap files/partitions... OK
May 17 14:08:31 +01:00 mobounya  Mounting root file system in read-only mode...  OK
May 17 14:08:31 +01:00 mobounya  Checking file systems... OK
May 17 14:08:31 +01:00 mobounya  Remounting root file system in read-write mode... OK
May 17 14:08:31 +01:00 mobounya  Mounting remaining file systems... OK
May 17 14:08:31 +01:00 mobounya  Cleaning file systems: /tmp OK
May 17 14:08:31 +01:00 mobounya  Retrying failed uevents, if any... OK
May 17 14:08:32 +01:00 mobounya  Setting up Linux console... OK
May 17 14:08:32 +01:00 mobounya  Starting system log daemon... OK
May 17 14:08:32 +01:00 mobounya  Starting kernel log daemon... OK
May 17 14:08:32 +01:00 mobounya  Bringing up the enp0s3 interface... OK
May 17 14:08:32 +01:00 mobounya  Adding IPv4 address 10.30.232.141 to the enp0s3 interface... OK
May 17 14:08:32 +01:00 mobounya  Adding default gateway 10.30.254.254 to the enp0s3 interface... OK
--------
May 17 15:17:40 +01:00 (none)  Mounting virtual file systems: /run /proc /sys OK
May 17 15:17:40 +01:00 (none)  Bringing up the loopback interface... OK
May 17 15:17:40 +01:00 (none)  Setting hostname to mobounya... OK
May 17 15:17:40 +01:00 mobounya  Populating /dev with device nodes...  OK
May 17 15:17:43 +01:00 mobounya  Activating all swap files/partitions... OK
May 17 15:17:43 +01:00 mobounya  Mounting root file system in read-only mode...  OK
May 17 15:17:43 +01:00 mobounya  Checking file systems... OK
May 17 15:17:43 +01:00 mobounya  Remounting root file system in read-write mode... OK
May 17 15:17:43 +01:00 mobounya  Mounting remaining file systems... OK
May 17 15:17:43 +01:00 mobounya  Cleaning file systems: /tmp OK
May 17 15:17:43 +01:00 mobounya  Retrying failed uevents, if any... OK
May 17 15:17:44 +01:00 mobounya  Setting up Linux console... OK
May 17 15:17:44 +01:00 mobounya  Starting system log daemon... OK
May 17 15:17:44 +01:00 mobounya  Starting kernel log daemon... OK
May 17 15:17:44 +01:00 mobounya  Bringing up the enp0s3 interface... OK
May 17 15:17:44 +01:00 mobounya  Adding IPv4 address 10.30.232.141 to the enp0s3 interface... OK
May 17 15:17:44 +01:00 mobounya  Adding default gateway 10.30.254.254 to the enp0s3 interface... OK
--------
May 17 15:18:20 +01:00 (none)  Mounting virtual file systems: /run /proc /sys OK
May 17 15:18:20 +01:00 (none)  Bringing up the loopback interface... OK
May 17 15:18:20 +01:00 (none)  Setting hostname to mobounya... OK
May 17 15:18:20 +01:00 mobounya  Populating /dev with device nodes...  OK
May 17 15:18:23 +01:00 mobounya  Activating all swap files/partitions... OK
May 17 15:18:23 +01:00 mobounya  Mounting root file system in read-only mode...  OK
May 17 15:18:23 +01:00 mobounya  Checking file systems... OK
May 17 15:18:23 +01:00 mobounya  Remounting root file system in read-write mode... OK
May 17 15:18:23 +01:00 mobounya  Mounting remaining file systems... OK
May 17 15:18:23 +01:00 mobounya  Cleaning file systems: /tmp OK
May 17 15:18:23 +01:00 mobounya  Retrying failed uevents, if any... OK
May 17 15:18:24 +01:00 mobounya  Setting up Linux console... OK
May 17 15:18:24 +01:00 mobounya  Starting system log daemon... OK
May 17 15:18:24 +01:00 mobounya  Starting kernel log daemon... OK
May 17 15:18:24 +01:00 mobounya  Bringing up the enp0s3 interface... OK
May 17 15:18:24 +01:00 mobounya  Adding IPv4 address 10.30.232.141 to the enp0s3 interface... OK
May 17 15:18:24 +01:00 mobounya  Adding default gateway 10.30.254.254 to the enp0s3 interface... OK
--------
May 17 15:21:35 +01:00 (none)  Mounting virtual file systems: /run /proc /sys OK
May 17 15:21:35 +01:00 (none)  Bringing up the loopback interface... OK
May 17 15:21:35 +01:00 (none)  Setting hostname to mobounya... OK
May 17 15:21:35 +01:00 mobounya  Populating /dev with device nodes...  OK
May 17 15:21:37 +01:00 mobounya  Activating all swap files/partitions... OK
May 17 15:21:37 +01:00 mobounya  Mounting root file system in read-only mode...  OK
May 17 15:21:37 +01:00 mobounya  Checking file systems... OK
May 17 15:21:37 +01:00 mobounya  Remounting root file system in read-write mode... OK
May 17 15:21:37 +01:00 mobounya  Mounting remaining file systems... OK
May 17 15:21:37 +01:00 mobounya  Cleaning file systems: /tmp OK
May 17 15:21:37 +01:00 mobounya  Retrying failed uevents, if any... OK
May 17 15:21:38 +01:00 mobounya  Setting up Linux console... OK
May 17 15:21:38 +01:00 mobounya  Starting system log daemon... OK
May 17 15:21:38 +01:00 mobounya  Starting kernel log daemon... OK
May 17 15:21:38 +01:00 mobounya  Bringing up the enp0s3 interface... OK
May 17 15:21:38 +01:00 mobounya  Adding IPv4 address 10.11.100.100 to the enp0s3 interface... OK
May 17 15:21:38 +01:00 mobounya  Adding default gateway 10.11.254.254 to the enp0s3 interface... OK
--------
May 17 15:31:32 +01:00 (none)  Mounting virtual file systems: /run /proc /sys OK
May 17 15:31:33 +01:00 (none)  Bringing up the loopback interface... OK
May 17 15:31:33 +01:00 (none)  Setting hostname to mobounya... OK
May 17 15:31:33 +01:00 mobounya  Populating /dev with device nodes...  OK
May 17 15:31:35 +01:00 mobounya  Activating all swap files/partitions... OK
May 17 15:31:35 +01:00 mobounya  Mounting root file system in read-only mode...  OK
May 17 15:31:35 +01:00 mobounya  Checking file systems... OK
May 17 15:31:35 +01:00 mobounya  Remounting root file system in read-write mode... OK
May 17 15:31:35 +01:00 mobounya  Mounting remaining file systems... OK
May 17 15:31:35 +01:00 mobounya  Cleaning file systems: /tmp OK
May 17 15:31:35 +01:00 mobounya  Retrying failed uevents, if any... OK
May 17 15:31:36 +01:00 mobounya  Setting up Linux console... OK
May 17 15:31:36 +01:00 mobounya  Starting system log daemon... OK
May 17 15:31:36 +01:00 mobounya  Starting kernel log daemon... OK
May 17 15:31:36 +01:00 mobounya  Bringing up the enp0s3 interface... OK
May 17 15:31:36 +01:00 mobounya  Adding IPv4 address 10.11.100.100 to the enp0s3 interface... OK
May 17 15:31:36 +01:00 mobounya  Adding default gateway 10.11.254.254 to the enp0s3 interface... OK
--------
May 17 15:32:22 +01:00 (none)  Mounting virtual file systems: /run /proc /sys OK
May 17 15:32:22 +01:00 (none)  Bringing up the loopback interface... OK
May 17 15:32:22 +01:00 (none)  Setting hostname to mobounya... OK
May 17 15:32:22 +01:00 mobounya  Populating /dev with device nodes...  OK
May 17 15:32:24 +01:00 mobounya  Activating all swap files/partitions... OK
May 17 15:32:24 +01:00 mobounya  Mounting root file system in read-only mode...  OK
May 17 15:32:24 +01:00 mobounya  Checking file systems... OK
May 17 15:32:24 +01:00 mobounya  Remounting root file system in read-write mode... OK
May 17 15:32:24 +01:00 mobounya  Mounting remaining file systems... OK
May 17 15:32:24 +01:00 mobounya  Cleaning file systems: /tmp OK
May 17 15:32:24 +01:00 mobounya  Retrying failed uevents, if any... OK
May 17 15:32:25 +01:00 mobounya  Setting up Linux console... OK
May 17 15:32:25 +01:00 mobounya  Starting system log daemon... OK
May 17 15:32:25 +01:00 mobounya  Starting kernel log daemon... OK
May 17 15:32:25 +01:00 mobounya  Bringing up the enp0s3 interface... OK
May 17 15:32:25 +01:00 mobounya  Adding IPv4 address 10.11.100.100 to the enp0s3 interface... OK
May 17 15:32:25 +01:00 mobounya  Adding default gateway 10.11.254.254 to the enp0s3 interface... OK
--------
May 17 18:28:46 +01:00 (none)  Mounting virtual file systems: /run /proc /sys OK
May 17 18:28:46 +01:00 (none)  Bringing up the loopback interface... OK
May 17 18:28:46 +01:00 (none)  Setting hostname to mobounya... OK
May 17 18:28:46 +01:00 mobounya  Populating /dev with device nodes...  OK
May 17 18:28:48 +01:00 mobounya  Activating all swap files/partitions... OK
May 17 18:28:48 +01:00 mobounya  Mounting root file system in read-only mode...  OK
May 17 18:28:48 +01:00 mobounya  Checking file systems... OK
May 17 18:28:48 +01:00 mobounya  Remounting root file system in read-write mode... OK
May 17 18:28:48 +01:00 mobounya  Mounting remaining file systems... OK
May 17 18:28:48 +01:00 mobounya  Cleaning file systems: /tmp OK
May 17 18:28:48 +01:00 mobounya  Retrying failed uevents, if any... OK
May 17 18:28:49 +01:00 mobounya  Setting up Linux console... OK
May 17 18:28:49 +01:00 mobounya  Starting system log daemon... OK
May 17 18:28:49 +01:00 mobounya  Starting kernel log daemon... OK
May 17 18:28:49 +01:00 mobounya  Bringing up the enp0s3 interface... OK
May 17 18:28:49 +01:00 mobounya  Adding IPv4 address 10.11.100.100 to the enp0s3 interface... OK
May 17 18:28:49 +01:00 mobounya  Adding default gateway 10.11.254.254 to the enp0s3 interface... OK
--------
May 19 22:42:36 +01:00 (none)  Mounting virtual file systems: /run /proc /sys OK
May 19 22:42:36 +01:00 (none)  Bringing up the loopback interface... OK
May 19 22:42:36 +01:00 (none)  Setting hostname to mobounya... OK
May 19 22:42:36 +01:00 mobounya  Populating /dev with device nodes...  OK
May 19 22:42:38 +01:00 mobounya  Activating all swap files/partitions... OK
May 19 22:42:38 +01:00 mobounya  Mounting root file system in read-only mode...  OK
May 19 22:42:38 +01:00 mobounya  Checking file systems... OK
May 19 22:42:38 +01:00 mobounya  Remounting root file system in read-write mode... OK
May 19 22:42:38 +01:00 mobounya  Mounting remaining file systems... OK
May 19 22:42:38 +01:00 mobounya  Cleaning file systems: /tmp OK
May 19 22:42:38 +01:00 mobounya  Retrying failed uevents, if any... OK
May 19 22:42:39 +01:00 mobounya  Setting up Linux console... OK
May 19 22:42:39 +01:00 mobounya  Starting system log daemon... OK
May 19 22:42:39 +01:00 mobounya  Starting kernel log daemon... OK
May 19 22:42:39 +01:00 mobounya  Bringing up the enp0s3 interface... OK
May 19 22:42:39 +01:00 mobounya  Adding IPv4 address 10.11.100.100 to the enp0s3 interface... OK
May 19 22:42:39 +01:00 mobounya  Adding default gateway 10.11.254.254 to the enp0s3 interface... OK
--------
May 20 19:07:05 +01:00 (none)  Mounting virtual file systems: /run /proc /sys OK
May 20 19:07:05 +01:00 (none)  Bringing up the loopback interface... OK
May 20 19:07:05 +01:00 (none)  Setting hostname to mobounya... OK
May 20 19:07:05 +01:00 mobounya  Populating /dev with device nodes...  OK
May 20 19:07:07 +01:00 mobounya  Activating all swap files/partitions... OK
May 20 19:07:07 +01:00 mobounya  Mounting root file system in read-only mode...  OK
May 20 19:07:07 +01:00 mobounya  Checking file systems... OK
May 20 19:07:07 +01:00 mobounya  Remounting root file system in read-write mode... OK
May 20 19:07:07 +01:00 mobounya  Mounting remaining file systems... OK
May 20 19:07:07 +01:00 mobounya  Cleaning file systems: /tmp OK
May 20 19:07:07 +01:00 mobounya  Retrying failed uevents, if any... OK
May 20 19:07:08 +01:00 mobounya  Setting up Linux console... OK
May 20 19:07:08 +01:00 mobounya  Starting system log daemon... OK
May 20 19:07:08 +01:00 mobounya  Starting kernel log daemon... OK
May 20 19:07:08 +01:00 mobounya  Bringing up the enp0s3 interface... OK
May 20 19:07:08 +01:00 mobounya  Adding IPv4 address 10.11.100.100 to the enp0s3 interface... OK
May 20 19:07:08 +01:00 mobounya  Adding default gateway 10.11.254.254 to the enp0s3 interface... OK
--------
May 20 19:37:32 +01:00 (none)  Mounting virtual file systems: /run /proc /sys OK
May 20 19:37:32 +01:00 (none)  Bringing up the loopback interface... OK
May 20 19:37:32 +01:00 (none)  Setting hostname to mobounya... OK
May 20 19:37:32 +01:00 mobounya  Populating /dev with device nodes...  OK
May 20 19:22:15 +01:00 mobounya  Activating all swap files/partitions... OK
May 20 19:22:15 +01:00 mobounya  Mounting root file system in read-only mode...  OK
May 20 19:22:15 +01:00 mobounya  Checking file systems... OK
May 20 19:22:15 +01:00 mobounya  Remounting root file system in read-write mode... OK
May 20 19:22:15 +01:00 mobounya  Mounting remaining file systems... OK
May 20 19:22:15 +01:00 mobounya  Cleaning file systems: /tmp OK
May 20 19:22:15 +01:00 mobounya  Retrying failed uevents, if any... OK
May 20 19:22:16 +01:00 mobounya  Setting up Linux console... OK
May 20 19:22:16 +01:00 mobounya  Starting system log daemon... OK
May 20 19:22:16 +01:00 mobounya  Starting kernel log daemon... OK
May 20 19:22:16 +01:00 mobounya  Bringing up the enp0s3 interface... OK
May 20 19:22:16 +01:00 mobounya  Adding IPv4 address 10.11.100.100 to the enp0s3 interface... OK
May 20 19:22:16 +01:00 mobounya  Adding default gateway 10.11.254.254 to the enp0s3 interface... OK
--------
May 20 19:22:47 +01:00 (none)  Mounting virtual file systems: /run /proc /sys OK
May 20 19:22:47 +01:00 (none)  Bringing up the loopback interface... OK
May 20 19:22:48 +01:00 (none)  Setting hostname to mobounya... OK
May 20 19:22:48 +01:00 mobounya  Populating /dev with device nodes...  OK
May 20 19:22:50 +01:00 mobounya  Activating all swap files/partitions... OK
May 20 19:22:50 +01:00 mobounya  Mounting root file system in read-only mode...  OK
May 20 19:22:50 +01:00 mobounya  Checking file systems... OK
May 20 19:22:50 +01:00 mobounya  Remounting root file system in read-write mode... OK
May 20 19:22:50 +01:00 mobounya  Mounting remaining file systems... OK
May 20 19:22:50 +01:00 mobounya  Cleaning file systems: /tmp OK
May 20 19:22:50 +01:00 mobounya  Retrying failed uevents, if any... OK
May 20 19:22:51 +01:00 mobounya  Setting up Linux console... OK
May 20 19:22:51 +01:00 mobounya  Starting system log daemon... OK
May 20 19:22:51 +01:00 mobounya  Starting kernel log daemon... OK
May 20 19:22:51 +01:00 mobounya  Bringing up the enp0s3 interface... OK
May 20 19:22:51 +01:00 mobounya  Adding IPv4 address 10.11.100.100 to the enp0s3 interface... OK
May 20 19:22:51 +01:00 mobounya  Adding default gateway 10.11.254.254 to the enp0s3 interface... OK
--------
May 20 19:41:54 +01:00 (none)  Mounting virtual file systems: /run /proc /sys OK
May 20 19:41:54 +01:00 (none)  Bringing up the loopback interface... OK
May 20 19:41:54 +01:00 (none)  Setting hostname to mobounya... OK
May 20 19:41:54 +01:00 mobounya  Populating /dev with device nodes...  OK
May 20 19:24:26 +01:00 mobounya  Activating all swap files/partitions... OK
May 20 19:24:26 +01:00 mobounya  Mounting root file system in read-only mode...  OK
May 20 19:24:26 +01:00 mobounya  Checking file systems... OK
May 20 19:24:26 +01:00 mobounya  Remounting root file system in read-write mode... OK
May 20 19:24:26 +01:00 mobounya  Mounting remaining file systems... OK
May 20 19:24:26 +01:00 mobounya  Cleaning file systems: /tmp OK
May 20 19:24:26 +01:00 mobounya  Retrying failed uevents, if any... OK
May 20 19:24:27 +01:00 mobounya  Setting up Linux console... OK
May 20 19:24:27 +01:00 mobounya  Starting system log daemon... OK
May 20 19:24:27 +01:00 mobounya  Starting kernel log daemon... OK
May 20 19:24:27 +01:00 mobounya  Bringing up the enp0s3 interface... OK
May 20 19:24:27 +01:00 mobounya  Adding IPv4 address 10.11.100.100 to the enp0s3 interface... OK
May 20 19:24:27 +01:00 mobounya  Adding default gateway 10.11.254.254 to the enp0s3 interface... OK
--------
May 21 00:59:53 +01:00 (none)  Mounting virtual file systems: /run /proc /sys OK
May 21 00:59:53 +01:00 (none)  Bringing up the loopback interface... OK
May 21 00:59:53 +01:00 (none)  Setting hostname to mobounya... OK
May 21 00:59:53 +01:00 mobounya  Populating /dev with device nodes...  OK
May 20 22:03:26 +01:00 mobounya  Activating all swap files/partitions... OK
May 20 22:03:26 +01:00 mobounya  Mounting root file system in read-only mode...  OK
May 20 22:03:26 +01:00 mobounya  Checking file systems... OK
May 20 22:03:26 +01:00 mobounya  Remounting root file system in read-write mode... OK
May 20 22:03:26 +01:00 mobounya  Mounting remaining file systems... OK
May 20 22:03:26 +01:00 mobounya  Cleaning file systems: /tmp OK
May 20 22:03:26 +01:00 mobounya  Retrying failed uevents, if any... OK
May 20 22:03:27 +01:00 mobounya  Setting up Linux console... OK
May 20 22:03:27 +01:00 mobounya  Starting system log daemon... OK
May 20 22:03:27 +01:00 mobounya  Starting kernel log daemon... OK
May 20 22:03:27 +01:00 mobounya  Bringing up the enp0s3 interface... OK
May 20 22:03:27 +01:00 mobounya  Adding IPv4 address 10.11.100.100 to the enp0s3 interface... OK
May 20 22:03:27 +01:00 mobounya  Adding default gateway 10.11.254.254 to the enp0s3 interface... OK
--------
