Jun 07 17:39:02 +01:00 (none)  Mounting virtual file systems: /run /proc /sys OK
Jun 07 17:39:02 +01:00 (none)  Bringing up the loopback interface... OK
Jun 07 17:39:02 +01:00 (none)  Setting hostname to mobounya... OK
Jun 07 17:39:02 +01:00 mobounya  Populating /dev with device nodes...  OK
Jun 07 15:14:30 +01:00 mobounya  Activating all swap files/partitions... OK
Jun 07 15:14:30 +01:00 mobounya  Mounting root file system in read-only mode...  OK
Jun 07 15:14:30 +01:00 mobounya  Checking file systems... OK
Jun 07 15:14:30 +01:00 mobounya  Remounting root file system in read-write mode... OK
Jun 07 15:14:30 +01:00 mobounya  Mounting remaining file systems... OK
Jun 07 15:14:30 +01:00 mobounya  Cleaning file systems: /tmp OK
Jun 07 15:14:30 +01:00 mobounya  Retrying failed uevents, if any... OK
Jun 07 15:14:31 +01:00 mobounya  Setting up Linux console... OK
Jun 07 15:14:31 +01:00 mobounya  Starting system log daemon... OK
Jun 07 15:14:31 +01:00 mobounya  Starting kernel log daemon... OK
Jun 07 15:14:31 +01:00 mobounya  Bringing up the enp0s3 interface... OK
Jun 07 15:14:31 +01:00 mobounya  Adding IPv4 address 10.13.100.100 to the enp0s3 interface... OK
Jun 07 15:14:31 +01:00 mobounya  Adding default gateway 10.13.254.254 to the enp0s3 interface... OK
--------
Jun 07 17:40:31 +01:00 (none)  Mounting virtual file systems: /run /proc /sys OK
Jun 07 17:40:31 +01:00 (none)  Bringing up the loopback interface... OK
Jun 07 17:40:31 +01:00 (none)  Setting hostname to mobounya... OK
Jun 07 17:40:31 +01:00 mobounya  Populating /dev with device nodes...  OK
Jun 07 15:15:15 +01:00 mobounya  Activating all swap files/partitions... OK
Jun 07 15:15:15 +01:00 mobounya  Mounting root file system in read-only mode...  OK
Jun 07 15:15:15 +01:00 mobounya  Checking file systems... OK
Jun 07 15:15:15 +01:00 mobounya  Remounting root file system in read-write mode... OK
Jun 07 15:15:15 +01:00 mobounya  Mounting remaining file systems... OK
Jun 07 15:15:15 +01:00 mobounya  Cleaning file systems: /tmp OK
Jun 07 15:15:15 +01:00 mobounya  Retrying failed uevents, if any... OK
Jun 07 15:15:16 +01:00 mobounya  Setting up Linux console... OK
Jun 07 15:15:16 +01:00 mobounya  Starting system log daemon... OK
Jun 07 15:15:16 +01:00 mobounya  Starting kernel log daemon... OK
Jun 07 15:15:16 +01:00 mobounya  Bringing up the enp0s3 interface... OK
Jun 07 15:15:16 +01:00 mobounya  Adding IPv4 address 10.13.100.100 to the enp0s3 interface... OK
Jun 07 15:15:16 +01:00 mobounya  Adding default gateway 10.13.254.254 to the enp0s3 interface... OK
--------
Jun 07 20:44:29 +01:00 (none)  Mounting virtual file systems: /run /proc /sys OK
Jun 07 20:44:29 +01:00 (none)  Bringing up the loopback interface... OK
Jun 07 20:44:30 +01:00 (none)  Setting hostname to mobounya... OK
Jun 07 20:44:30 +01:00 mobounya  Populating /dev with device nodes...  OK
Jun 07 16:47:14 +01:00 mobounya  Activating all swap files/partitions... OK
Jun 07 16:47:14 +01:00 mobounya  Mounting root file system in read-only mode...  OK
Jun 07 16:47:14 +01:00 mobounya  Checking file systems... OK
Jun 07 16:47:14 +01:00 mobounya  Remounting root file system in read-write mode... OK
Jun 07 16:47:14 +01:00 mobounya  Mounting remaining file systems... OK
Jun 07 16:47:14 +01:00 mobounya  Cleaning file systems: /tmp OK
Jun 07 16:47:14 +01:00 mobounya  Retrying failed uevents, if any... OK
Jun 07 16:47:15 +01:00 mobounya  Setting up Linux console... OK
Jun 07 16:47:15 +01:00 mobounya  Starting system log daemon... OK
Jun 07 16:47:15 +01:00 mobounya  Starting kernel log daemon... OK
Jun 07 16:47:15 +01:00 mobounya  Bringing up the enp0s3 interface... OK
Jun 07 16:47:15 +01:00 mobounya  Adding IPv4 address 10.13.100.100 to the enp0s3 interface... OK
Jun 07 16:47:15 +01:00 mobounya  Adding default gateway 10.13.254.254 to the enp0s3 interface... OK
--------
Jun 07 20:46:13 +01:00 (none)  Mounting virtual file systems: /run /proc /sys OK
Jun 07 20:46:13 +01:00 (none)  Bringing up the loopback interface... OK
Jun 07 20:46:13 +01:00 (none)  Setting hostname to mobounya... OK
Jun 07 20:46:13 +01:00 mobounya  Populating /dev with device nodes...  OK
Jun 07 16:48:11 +01:00 mobounya  Activating all swap files/partitions... OK
Jun 07 16:48:11 +01:00 mobounya  Mounting root file system in read-only mode...  OK
Jun 07 16:48:11 +01:00 mobounya  Checking file systems... OK
Jun 07 16:48:11 +01:00 mobounya  Remounting root file system in read-write mode... OK
Jun 07 16:48:11 +01:00 mobounya  Mounting remaining file systems... OK
Jun 07 16:48:11 +01:00 mobounya  Cleaning file systems: /tmp OK
Jun 07 16:48:11 +01:00 mobounya  Retrying failed uevents, if any... OK
Jun 07 16:48:12 +01:00 mobounya  Setting up Linux console... OK
Jun 07 16:48:12 +01:00 mobounya  Starting system log daemon... OK
Jun 07 16:48:12 +01:00 mobounya  Starting kernel log daemon... OK
Jun 07 16:48:12 +01:00 mobounya  Bringing up the enp0s3 interface... OK
Jun 07 16:48:12 +01:00 mobounya  Adding IPv4 address 10.13.100.100 to the enp0s3 interface... OK
Jun 07 16:48:12 +01:00 mobounya  Adding default gateway 10.13.254.254 to the enp0s3 interface... OK
--------
Jun 07 20:51:34 +01:00 (none)  Mounting virtual file systems: /run /proc /sys OK
Jun 07 20:51:34 +01:00 (none)  Bringing up the loopback interface... OK
Jun 07 20:51:34 +01:00 (none)  Setting hostname to mobounya... OK
Jun 07 20:51:34 +01:00 mobounya  Populating /dev with device nodes...  OK
Jun 07 16:50:46 +01:00 mobounya  Activating all swap files/partitions... OK
Jun 07 16:50:46 +01:00 mobounya  Mounting root file system in read-only mode...  OK
Jun 07 16:50:46 +01:00 mobounya  Checking file systems... OK
Jun 07 16:50:46 +01:00 mobounya  Remounting root file system in read-write mode... OK
Jun 07 16:50:46 +01:00 mobounya  Mounting remaining file systems... OK
Jun 07 16:50:46 +01:00 mobounya  Cleaning file systems: /tmp OK
Jun 07 16:50:46 +01:00 mobounya  Retrying failed uevents, if any... OK
Jun 07 16:50:47 +01:00 mobounya  Setting up Linux console... OK
Jun 07 16:50:47 +01:00 mobounya  Starting system log daemon... OK
Jun 07 16:50:47 +01:00 mobounya  Starting kernel log daemon... OK
Jun 07 16:50:47 +01:00 mobounya  Bringing up the enp0s3 interface... OK
Jun 07 16:50:47 +01:00 mobounya  Adding IPv4 address 10.13.100.100 to the enp0s3 interface... OK
Jun 07 16:50:47 +01:00 mobounya  Adding default gateway 10.13.254.254 to the enp0s3 interface... OK
--------
Jun 07 20:53:57 +01:00 (none)  Mounting virtual file systems: /run /proc /sys OK
Jun 07 20:53:58 +01:00 (none)  Bringing up the loopback interface... OK
Jun 07 20:53:58 +01:00 (none)  Setting hostname to mobounya... OK
Jun 07 20:53:58 +01:00 mobounya  Populating /dev with device nodes...  OK
Jun 07 16:51:58 +01:00 mobounya  Activating all swap files/partitions... OK
Jun 07 16:51:58 +01:00 mobounya  Mounting root file system in read-only mode...  OK
Jun 07 16:51:58 +01:00 mobounya  Checking file systems... OK
Jun 07 16:51:58 +01:00 mobounya  Remounting root file system in read-write mode... OK
Jun 07 16:51:58 +01:00 mobounya  Mounting remaining file systems... OK
Jun 07 16:51:58 +01:00 mobounya  Cleaning file systems: /tmp OK
Jun 07 16:51:58 +01:00 mobounya  Retrying failed uevents, if any... OK
Jun 07 16:51:59 +01:00 mobounya  Setting up Linux console... OK
Jun 07 16:51:59 +01:00 mobounya  Starting system log daemon... OK
Jun 07 16:51:59 +01:00 mobounya  Starting kernel log daemon... OK
Jun 07 16:51:59 +01:00 mobounya  Bringing up the enp0s3 interface... OK
Jun 07 16:51:59 +01:00 mobounya  Adding IPv4 address 10.13.100.100 to the enp0s3 interface... OK
Jun 07 16:51:59 +01:00 mobounya  Adding default gateway 10.13.254.254 to the enp0s3 interface... OK
--------
Jun 07 21:13:52 +01:00 (none)  Mounting virtual file systems: /run /proc /sys OK
Jun 07 21:13:52 +01:00 (none)  Bringing up the loopback interface... OK
Jun 07 21:13:52 +01:00 (none)  Setting hostname to mobounya... OK
Jun 07 21:13:52 +01:00 mobounya  Populating /dev with device nodes...  OK
Jun 07 17:01:55 +01:00 mobounya  Activating all swap files/partitions... OK
Jun 07 17:01:55 +01:00 mobounya  Mounting root file system in read-only mode...  OK
Jun 07 17:01:55 +01:00 mobounya  Checking file systems... OK
Jun 07 17:01:55 +01:00 mobounya  Remounting root file system in read-write mode... OK
Jun 07 17:01:55 +01:00 mobounya  Mounting remaining file systems... OK
Jun 07 17:01:55 +01:00 mobounya  Cleaning file systems: /tmp OK
Jun 07 17:01:55 +01:00 mobounya  Retrying failed uevents, if any... OK
Jun 07 17:01:56 +01:00 mobounya  Setting up Linux console... OK
Jun 07 17:01:56 +01:00 mobounya  Starting system log daemon... OK
Jun 07 17:01:56 +01:00 mobounya  Starting kernel log daemon... OK
Jun 07 17:01:56 +01:00 mobounya  Bringing up the enp0s3 interface... OK
Jun 07 17:01:56 +01:00 mobounya  Adding IPv4 address 10.13.100.100 to the enp0s3 interface... OK
Jun 07 17:01:56 +01:00 mobounya  Adding default gateway 10.13.254.254 to the enp0s3 interface... OK
--------
Jun 07 21:23:54 +01:00 (none)  Mounting virtual file systems: /run /proc /sys OK
Jun 07 21:23:54 +01:00 (none)  Bringing up the loopback interface... OK
Jun 07 21:23:54 +01:00 (none)  Setting hostname to mobounya... OK
Jun 07 21:23:54 +01:00 mobounya  Populating /dev with device nodes...  OK
Jun 07 17:06:56 +01:00 mobounya  Activating all swap files/partitions... OK
Jun 07 17:06:56 +01:00 mobounya  Mounting root file system in read-only mode...  OK
Jun 07 17:06:56 +01:00 mobounya  Checking file systems... OK
Jun 07 17:06:56 +01:00 mobounya  Remounting root file system in read-write mode... OK
Jun 07 17:06:56 +01:00 mobounya  Mounting remaining file systems... OK
Jun 07 17:06:56 +01:00 mobounya  Cleaning file systems: /tmp OK
Jun 07 17:06:56 +01:00 mobounya  Retrying failed uevents, if any... OK
Jun 07 17:06:57 +01:00 mobounya  Setting up Linux console... OK
Jun 07 17:06:57 +01:00 mobounya  Starting system log daemon... OK
Jun 07 17:06:57 +01:00 mobounya  Starting kernel log daemon... OK
Jun 07 17:06:57 +01:00 mobounya  Bringing up the enp0s3 interface... OK
Jun 07 17:06:57 +01:00 mobounya  Adding IPv4 address 10.13.100.100 to the enp0s3 interface... OK
Jun 07 17:06:57 +01:00 mobounya  Adding default gateway 10.13.254.254 to the enp0s3 interface... OK
--------
Jun 07 21:26:26 +01:00 (none)  Mounting virtual file systems: /run /proc /sys OK
Jun 07 21:26:26 +01:00 (none)  Bringing up the loopback interface... OK
Jun 07 21:26:26 +01:00 (none)  Setting hostname to mobounya... OK
Jun 07 21:26:26 +01:00 mobounya  Populating /dev with device nodes...  OK
Jun 07 17:08:12 +01:00 mobounya  Activating all swap files/partitions... OK
Jun 07 17:08:12 +01:00 mobounya  Mounting root file system in read-only mode...  OK
Jun 07 17:08:12 +01:00 mobounya  Checking file systems... OK
Jun 07 17:08:12 +01:00 mobounya  Remounting root file system in read-write mode... OK
Jun 07 17:08:12 +01:00 mobounya  Mounting remaining file systems... OK
Jun 07 17:08:12 +01:00 mobounya  Cleaning file systems: /tmp OK
Jun 07 17:08:12 +01:00 mobounya  Retrying failed uevents, if any... OK
Jun 07 17:08:13 +01:00 mobounya  Setting up Linux console... OK
Jun 07 17:08:13 +01:00 mobounya  Starting system log daemon... OK
Jun 07 17:08:13 +01:00 mobounya  Starting kernel log daemon... OK
Jun 07 17:08:13 +01:00 mobounya  Bringing up the enp0s3 interface... OK
Jun 07 17:08:13 +01:00 mobounya  Adding IPv4 address 10.13.100.100 to the enp0s3 interface... OK
Jun 07 17:08:13 +01:00 mobounya  Adding default gateway 10.13.254.254 to the enp0s3 interface... OK
--------
Jun 07 21:27:27 +01:00 (none)  Mounting virtual file systems: /run /proc /sys OK
Jun 07 21:27:27 +01:00 (none)  Bringing up the loopback interface... OK
Jun 07 21:27:27 +01:00 (none)  Setting hostname to mobounya... OK
Jun 07 21:27:27 +01:00 mobounya  Populating /dev with device nodes...  OK
Jun 07 17:08:43 +01:00 mobounya  Activating all swap files/partitions... OK
Jun 07 17:08:43 +01:00 mobounya  Mounting root file system in read-only mode...  OK
Jun 07 17:08:43 +01:00 mobounya  Checking file systems... OK
Jun 07 17:08:43 +01:00 mobounya  Remounting root file system in read-write mode... OK
Jun 07 17:08:43 +01:00 mobounya  Mounting remaining file systems... OK
Jun 07 17:08:43 +01:00 mobounya  Cleaning file systems: /tmp OK
Jun 07 17:08:43 +01:00 mobounya  Retrying failed uevents, if any... OK
Jun 07 17:08:44 +01:00 mobounya  Setting up Linux console... OK
Jun 07 17:08:44 +01:00 mobounya  Starting system log daemon... OK
Jun 07 17:08:44 +01:00 mobounya  Starting kernel log daemon... OK
Jun 07 17:08:44 +01:00 mobounya  Bringing up the enp0s3 interface... OK
Jun 07 17:08:44 +01:00 mobounya  Adding IPv4 address 10.13.100.100 to the enp0s3 interface... OK
Jun 07 17:08:44 +01:00 mobounya  Adding default gateway 10.13.254.254 to the enp0s3 interface... OK
--------
Jun 07 21:28:24 +01:00 (none)  Mounting virtual file systems: /run /proc /sys OK
Jun 07 21:28:24 +01:00 (none)  Bringing up the loopback interface... OK
Jun 07 21:28:24 +01:00 (none)  Setting hostname to mobounya... OK
Jun 07 21:28:24 +01:00 mobounya  Populating /dev with device nodes...  OK
Jun 07 17:09:11 +01:00 mobounya  Activating all swap files/partitions... OK
Jun 07 17:09:11 +01:00 mobounya  Mounting root file system in read-only mode...  OK
Jun 07 17:09:11 +01:00 mobounya  Checking file systems... OK
Jun 07 17:09:11 +01:00 mobounya  Remounting root file system in read-write mode... OK
Jun 07 17:09:11 +01:00 mobounya  Mounting remaining file systems... OK
Jun 07 17:09:11 +01:00 mobounya  Cleaning file systems: /tmp OK
Jun 07 17:09:11 +01:00 mobounya  Retrying failed uevents, if any... OK
Jun 07 17:09:12 +01:00 mobounya  Setting up Linux console... OK
Jun 07 17:09:12 +01:00 mobounya  Starting system log daemon... OK
Jun 07 17:09:12 +01:00 mobounya  Starting kernel log daemon... OK
Jun 07 17:09:12 +01:00 mobounya  Bringing up the enp0s3 interface... OK
Jun 07 17:09:12 +01:00 mobounya  Adding IPv4 address 10.13.100.100 to the enp0s3 interface... OK
Jun 07 17:09:12 +01:00 mobounya  Adding default gateway 10.13.254.254 to the enp0s3 interface... OK
--------
Jun 07 21:47:53 +01:00 (none)  Mounting virtual file systems: /run /proc /sys OK
Jun 07 21:47:53 +01:00 (none)  Bringing up the loopback interface... OK
Jun 07 21:47:53 +01:00 (none)  Setting hostname to mobounya... OK
Jun 07 21:47:53 +01:00 mobounya  Populating /dev with device nodes...  OK
Jun 07 17:18:56 +01:00 mobounya  Activating all swap files/partitions... OK
Jun 07 17:18:56 +01:00 mobounya  Mounting root file system in read-only mode...  OK
Jun 07 17:18:56 +01:00 mobounya  Checking file systems... OK
Jun 07 17:18:56 +01:00 mobounya  Remounting root file system in read-write mode... OK
Jun 07 17:18:56 +01:00 mobounya  Mounting remaining file systems... OK
Jun 07 17:18:56 +01:00 mobounya  Cleaning file systems: /tmp OK
Jun 07 17:18:56 +01:00 mobounya  Retrying failed uevents, if any... OK
Jun 07 17:18:57 +01:00 mobounya  Setting up Linux console... OK
Jun 07 17:18:57 +01:00 mobounya  Starting system log daemon... OK
Jun 07 17:18:57 +01:00 mobounya  Starting kernel log daemon... OK
Jun 07 17:18:57 +01:00 mobounya  Bringing up the enp0s3 interface... OK
Jun 07 17:18:57 +01:00 mobounya  Adding IPv4 address 10.13.100.100 to the enp0s3 interface... OK
Jun 07 17:18:57 +01:00 mobounya  Adding default gateway 10.13.254.254 to the enp0s3 interface... OK
--------
Jun 07 21:49:38 +01:00 (none)  Mounting virtual file systems: /run /proc /sys OK
Jun 07 21:49:38 +01:00 (none)  Bringing up the loopback interface... OK
Jun 07 21:49:38 +01:00 (none)  Setting hostname to mobounya... OK
Jun 07 21:49:38 +01:00 mobounya  Populating /dev with device nodes...  OK
Jun 07 17:19:48 +01:00 mobounya  Activating all swap files/partitions... OK
Jun 07 17:19:48 +01:00 mobounya  Mounting root file system in read-only mode...  OK
Jun 07 17:19:48 +01:00 mobounya  Checking file systems... OK
Jun 07 17:19:48 +01:00 mobounya  Remounting root file system in read-write mode... OK
Jun 07 17:19:48 +01:00 mobounya  Mounting remaining file systems... OK
Jun 07 17:19:48 +01:00 mobounya  Cleaning file systems: /tmp OK
Jun 07 17:19:48 +01:00 mobounya  Retrying failed uevents, if any... OK
Jun 07 17:19:49 +01:00 mobounya  Setting up Linux console... OK
Jun 07 17:19:49 +01:00 mobounya  Starting system log daemon... OK
Jun 07 17:19:49 +01:00 mobounya  Starting kernel log daemon... OK
Jun 07 17:19:49 +01:00 mobounya  Bringing up the enp0s3 interface... OK
Jun 07 17:19:49 +01:00 mobounya  Adding IPv4 address 10.13.100.100 to the enp0s3 interface... OK
Jun 07 17:19:49 +01:00 mobounya  Adding default gateway 10.13.254.254 to the enp0s3 interface... OK
--------
Jun 07 21:51:15 +01:00 (none)  Mounting virtual file systems: /run /proc /sys OK
Jun 07 21:51:15 +01:00 (none)  Bringing up the loopback interface... OK
Jun 07 21:51:15 +01:00 (none)  Setting hostname to mobounya... OK
Jun 07 21:51:15 +01:00 mobounya  Populating /dev with device nodes...  OK
Jun 07 17:20:37 +01:00 mobounya  Activating all swap files/partitions... OK
Jun 07 17:20:37 +01:00 mobounya  Mounting root file system in read-only mode...  OK
Jun 07 17:20:37 +01:00 mobounya  Checking file systems... OK
Jun 07 17:20:37 +01:00 mobounya  Remounting root file system in read-write mode... OK
Jun 07 17:20:37 +01:00 mobounya  Mounting remaining file systems... OK
Jun 07 17:20:37 +01:00 mobounya  Cleaning file systems: /tmp OK
Jun 07 17:20:37 +01:00 mobounya  Retrying failed uevents, if any... OK
Jun 07 17:20:38 +01:00 mobounya  Setting up Linux console... OK
Jun 07 17:20:38 +01:00 mobounya  Starting system log daemon... OK
Jun 07 17:20:38 +01:00 mobounya  Starting kernel log daemon... OK
Jun 07 17:20:38 +01:00 mobounya  Bringing up the enp0s3 interface... OK
Jun 07 17:20:38 +01:00 mobounya  Adding IPv4 address 10.13.100.100 to the enp0s3 interface... OK
Jun 07 17:20:38 +01:00 mobounya  Adding default gateway 10.13.254.254 to the enp0s3 interface... OK
--------
Jun 07 21:52:44 +01:00 (none)  Mounting virtual file systems: /run /proc /sys OK
Jun 07 21:52:44 +01:00 (none)  Bringing up the loopback interface... OK
Jun 07 21:52:44 +01:00 (none)  Setting hostname to mobounya... OK
Jun 07 21:52:44 +01:00 mobounya  Populating /dev with device nodes...  OK
Jun 07 17:21:21 +01:00 mobounya  Activating all swap files/partitions... OK
Jun 07 17:21:21 +01:00 mobounya  Mounting root file system in read-only mode...  OK
Jun 07 17:21:21 +01:00 mobounya  Checking file systems... OK
Jun 07 17:21:21 +01:00 mobounya  Remounting root file system in read-write mode... OK
Jun 07 17:21:21 +01:00 mobounya  Mounting remaining file systems... OK
Jun 07 17:21:21 +01:00 mobounya  Cleaning file systems: /tmp OK
Jun 07 17:21:21 +01:00 mobounya  Retrying failed uevents, if any... OK
Jun 07 17:21:22 +01:00 mobounya  Setting up Linux console... OK
Jun 07 17:21:22 +01:00 mobounya  Starting system log daemon... OK
Jun 07 17:21:22 +01:00 mobounya  Starting kernel log daemon... OK
Jun 07 17:21:22 +01:00 mobounya  Bringing up the enp0s3 interface... OK
Jun 07 17:21:22 +01:00 mobounya  Adding IPv4 address 10.13.100.100 to the enp0s3 interface... OK
Jun 07 17:21:22 +01:00 mobounya  Adding default gateway 10.13.254.254 to the enp0s3 interface... OK
--------
Jun 07 21:54:32 +01:00 (none)  Mounting virtual file systems: /run /proc /sys OK
Jun 07 21:54:32 +01:00 (none)  Bringing up the loopback interface... OK
Jun 07 21:54:32 +01:00 (none)  Setting hostname to mobounya... OK
Jun 07 21:54:32 +01:00 mobounya  Populating /dev with device nodes...  OK
Jun 07 17:22:15 +01:00 mobounya  Activating all swap files/partitions... OK
Jun 07 17:22:15 +01:00 mobounya  Mounting root file system in read-only mode...  OK
Jun 07 17:22:15 +01:00 mobounya  Checking file systems... OK
Jun 07 17:22:15 +01:00 mobounya  Remounting root file system in read-write mode... OK
Jun 07 17:22:15 +01:00 mobounya  Mounting remaining file systems... OK
Jun 07 17:22:15 +01:00 mobounya  Cleaning file systems: /tmp OK
Jun 07 17:22:15 +01:00 mobounya  Retrying failed uevents, if any... OK
Jun 07 17:22:16 +01:00 mobounya  Setting up Linux console... OK
Jun 07 17:22:16 +01:00 mobounya  Starting system log daemon... OK
Jun 07 17:22:16 +01:00 mobounya  Starting kernel log daemon... OK
Jun 07 17:22:16 +01:00 mobounya  Bringing up the enp0s3 interface... OK
Jun 07 17:22:16 +01:00 mobounya  Adding IPv4 address 10.13.100.100 to the enp0s3 interface... OK
Jun 07 17:22:16 +01:00 mobounya  Adding default gateway 10.13.254.254 to the enp0s3 interface... OK
--------
Jun 07 22:57:39 +01:00 (none)  Mounting virtual file systems: /run /proc /sys OK
Jun 07 22:57:39 +01:00 (none)  Bringing up the loopback interface... OK
Jun 07 22:57:39 +01:00 (none)  Setting hostname to mobounya... OK
Jun 07 22:57:39 +01:00 mobounya  Populating /dev with device nodes...  OK
Jun 07 17:53:49 +01:00 mobounya  Activating all swap files/partitions... OK
Jun 07 17:53:49 +01:00 mobounya  Mounting root file system in read-only mode...  OK
Jun 07 17:53:49 +01:00 mobounya  Checking file systems... OK
Jun 07 17:53:49 +01:00 mobounya  Remounting root file system in read-write mode... OK
Jun 07 17:53:49 +01:00 mobounya  Mounting remaining file systems... OK
Jun 07 17:53:49 +01:00 mobounya  Cleaning file systems: /tmp OK
Jun 07 17:53:49 +01:00 mobounya  Retrying failed uevents, if any... OK
Jun 07 17:53:50 +01:00 mobounya  Setting up Linux console... OK
Jun 07 17:53:50 +01:00 mobounya  Starting system log daemon... OK
Jun 07 17:53:50 +01:00 mobounya  Starting kernel log daemon... OK
Jun 07 17:53:50 +01:00 mobounya  Bringing up the enp0s3 interface... OK
Jun 07 17:53:50 +01:00 mobounya  Adding IPv4 address 10.13.100.100 to the enp0s3 interface... OK
Jun 07 17:53:50 +01:00 mobounya  Adding default gateway 10.13.254.254 to the enp0s3 interface... OK
--------
